Using pre-set license
Built from '2023.2/staging' branch; Version is '2023.2.11f1 (6a1e21c61430) revision 6954529'; Using compiler version '193431935'; Build Type 'Release'
OS: 'Windows 11  (10.0.22631) 64bit ProfessionalEducation' Language: 'pt' Physical Memory: 15741 MB
BatchMode: 1, IsHumanControllingUs: 0, StartBugReporterOnCrash: 0, Is64bit: 1, IsPro: 1

COMMAND LINE ARGUMENTS:
C:\Program Files\Unity\Hub\Editor\2023.2.11f1\Editor\Unity.exe
-adb2
-batchMode
-noUpm
-name
AssetImportWorker4
-projectPath
C:/Users/2jd/Documents/ProjetoRio
-logFile
Logs/AssetImportWorker4.log
-srvPort
53564
-job-worker-count
5
-background-job-worker-count
8
-asset-garbage-collectors
1
Successfully changed project path to: C:/Users/2jd/Documents/ProjetoRio
C:/Users/2jd/Documents/ProjetoRio
[UnityMemory] Configuration Parameters - Can be set up in boot.config
    "memorysetup-bucket-allocator-granularity=16"
    "memorysetup-bucket-allocator-bucket-count=8"
    "memorysetup-bucket-allocator-block-size=33554432"
    "memorysetup-bucket-allocator-block-count=8"
    "memorysetup-main-allocator-block-size=16777216"
    "memorysetup-thread-allocator-block-size=16777216"
    "memorysetup-gfx-main-allocator-block-size=16777216"
    "memorysetup-gfx-thread-allocator-block-size=16777216"
    "memorysetup-cache-allocator-block-size=4194304"
    "memorysetup-typetree-allocator-block-size=2097152"
    "memorysetup-profiler-bucket-allocator-granularity=16"
    "memorysetup-profiler-bucket-allocator-bucket-count=8"
    "memorysetup-profiler-bucket-allocator-block-size=33554432"
    "memorysetup-profiler-bucket-allocator-block-count=8"
    "memorysetup-profiler-allocator-block-size=16777216"
    "memorysetup-profiler-editor-allocator-block-size=1048576"
    "memorysetup-temp-allocator-size-main=16777216"
    "memorysetup-job-temp-allocator-block-size=2097152"
    "memorysetup-job-temp-allocator-block-size-background=1048576"
    "memorysetup-job-temp-allocator-reduction-small-platforms=262144"
    "memorysetup-allocator-temp-initial-block-size-main=262144"
    "memorysetup-allocator-temp-initial-block-size-worker=262144"
    "memorysetup-temp-allocator-size-background-worker=32768"
    "memorysetup-temp-allocator-size-job-worker=262144"
    "memorysetup-temp-allocator-size-preload-manager=33554432"
    "memorysetup-temp-allocator-size-nav-mesh-worker=65536"
    "memorysetup-temp-allocator-size-audio-worker=65536"
    "memorysetup-temp-allocator-size-cloud-worker=32768"
    "memorysetup-temp-allocator-size-gi-baking-worker=262144"
    "memorysetup-temp-allocator-size-gi-baking-worker=262144"
    "memorysetup-temp-allocator-size-gi-baking-worker=262144"
    "memorysetup-temp-allocator-size-gi-baking-worker=262144"
    "memorysetup-temp-allocator-size-gfx=262144"
Player connection [20776] Host "[IP] 192.168.1.197 [Port] 0 [Flags] 2 [Guid] 1589986982 [EditorId] 1589986982 [Version] 1048832 [Id] WindowsEditor(7,PCLAB3-06) [Debug] 1 [PackageName] WindowsEditor [ProjectName] Editor" joined multi-casting on [225.0.0.222:54997]...
Player connection [20776] Host "[IP] 192.168.1.197 [Port] 0 [Flags] 2 [Guid] 1589986982 [EditorId] 1589986982 [Version] 1048832 [Id] WindowsEditor(7,PCLAB3-06) [Debug] 1 [PackageName] WindowsEditor [ProjectName] Editor" joined alternative multi-casting on [225.0.0.222:34997]...
JobSystem: Creating JobQueue using job-worker-count value 5
[Physics::Module] Initialized MultithreadedJobDispatcher with 5 workers.
Library Redirect Path: Library/
Refreshing native plugins compatible for Editor in 1.26 ms, found 3 plugins.
Preloading 0 native plugins for Editor in 0.00 ms.
Initialize engine version: 2023.2.11f1 (6a1e21c61430)
[Subsystems] Discovering subsystems at path C:/Program Files/Unity/Hub/Editor/2023.2.11f1/Editor/Data/Resources/UnitySubsystems
[Subsystems] Discovering subsystems at path C:/Users/2jd/Documents/ProjetoRio/Assets
GfxDevice: creating device client; kGfxThreadingModeNonThreaded
Direct3D:
    Version:  Direct3D 11.0 [level 11.1]
    Renderer: AMD Radeon(TM) Graphics (ID=0x1636)
    Vendor:   ATI
    VRAM:     7870 MB
    Driver:   30.0.14030.1004
Initialize mono
Mono path[0] = 'C:/Program Files/Unity/Hub/Editor/2023.2.11f1/Editor/Data/Managed'
Mono path[1] = 'C:/Program Files/Unity/Hub/Editor/2023.2.11f1/Editor/Data/MonoBleedingEdge/lib/mono/unityjit-win32'
Mono config path = 'C:/Program Files/Unity/Hub/Editor/2023.2.11f1/Editor/Data/MonoBleedingEdge/etc'
Using monoOptions --debugger-agent=transport=dt_socket,embedding=1,server=y,suspend=n,address=127.0.0.1:56912
Begin MonoManager ReloadAssembly
C:\build\output\Unity-Technologies\mono\mono\metadata\icall.c:1842:
C:\build\output\Unity-Technologies\mono\mono\metadata\icall.c:1842:
C:\build\output\Unity-Technologies\mono\mono\metadata\icall.c:1842:
C:\build\output\Unity-Technologies\mono\mono\metadata\icall.c:1842:
C:\build\output\Unity-Technologies\mono\mono\metadata\icall.c:1842:
C:\build\output\Unity-Technologies\mono\mono\metadata\icall.c:1842:
C:\build\output\Unity-Technologies\mono\mono\metadata\icall.c:1842:
C:\build\output\Unity-Technologies\mono\mono\metadata\icall.c:1842:
C:\build\output\Unity-Technologies\mono\mono\metadata\icall.c:1842:
C:\build\output\Unity-Technologies\mono\mono\metadata\icall.c:1842:
Registering precompiled unity dll's ...
Register platform support module: C:/Program Files/Unity/Hub/Editor/2023.2.11f1/Editor/Data/PlaybackEngines/WindowsStandaloneSupport/UnityEditor.WindowsStandalone.Extensions.dll
Registered in 0.002426 seconds.
- Loaded All Assemblies, in  0.452 seconds
Native extension for WindowsStandalone target not found
Mono: successfully reloaded assembly
C:\build\output\Unity-Technologies\mono\mono\metadata\icall.c:1842:
C:\build\output\Unity-Technologies\mono\mono\metadata\icall.c:1842:
- Finished resetting the current domain, in  0.325 seconds
Domain Reload Profiling: 776ms
	BeginReloadAssembly (168ms)
		ExecutionOrderSort (0ms)
		DisableScriptedObjects (0ms)
		BackupInstance (0ms)
		ReleaseScriptingObjects (0ms)
		CreateAndSetChildDomain (1ms)
	RebuildCommonClasses (45ms)
	RebuildNativeTypeToScriptingClass (14ms)
	initialDomainReloadingComplete (46ms)
	LoadAllAssembliesAndSetupDomain (176ms)
		LoadAssemblies (165ms)
		RebuildTransferFunctionScriptingTraits (0ms)
		AnalyzeDomain (174ms)
			TypeCache.Refresh (173ms)
				TypeCache.ScanAssembly (159ms)
			BuildScriptInfoCaches (0ms)
			ResolveRequiredComponents (0ms)
	FinalizeReload (326ms)
		ReleaseScriptCaches (0ms)
		RebuildScriptCaches (0ms)
		SetupLoadedEditorAssemblies (274ms)
			LogAssemblyErrors (0ms)
			InitializePlatformSupportModulesInManaged (9ms)
			SetLoadedEditorAssemblies (5ms)
			BeforeProcessingInitializeOnLoad (7ms)
			ProcessInitializeOnLoadAttributes (207ms)
			ProcessInitializeOnLoadMethodAttributes (45ms)
			AfterProcessingInitializeOnLoad (0ms)
			EditorAssembliesLoaded (0ms)
		ExecutionOrderSort2 (0ms)
		AwakeInstancesAfterBackupRestoration (0ms)
========================================================================
Worker process is ready to serve import requests
Import Worker Mode flag is 0x00
Begin MonoManager ReloadAssembly
C:\build\output\Unity-Technologies\mono\mono\metadata\icall.c:1842:
C:\build\output\Unity-Technologies\mono\mono\metadata\icall.c:1842:
C:\build\output\Unity-Technologies\mono\mono\metadata\icall.c:1842:
C:\build\output\Unity-Technologies\mono\mono\metadata\icall.c:1842:
C:\build\output\Unity-Technologies\mono\mono\metadata\icall.c:1842:
C:\build\output\Unity-Technologies\mono\mono\metadata\icall.c:1842:
C:\build\output\Unity-Technologies\mono\mono\metadata\icall.c:1842:
C:\build\output\Unity-Technologies\mono\mono\metadata\icall.c:1842:
C:\build\output\Unity-Technologies\mono\mono\metadata\icall.c:1842:
C:\build\output\Unity-Technologies\mono\mono\metadata\icall.c:1842:
C:\build\output\Unity-Technologies\mono\mono\metadata\icall.c:1842:
C:\build\output\Unity-Technologies\mono\mono\metadata\icall.c:1842:
Symbol file LoadedFromMemory doesn't match image C:\Users\2jd\Documents\ProjetoRio\Library\PackageCache\com.unity.visualscripting@1.8.0\Editor\VisualScripting.Core\Dependencies\YamlDotNet\Unity.VisualScripting.YamlDotNet.dll
Symbol file LoadedFromMemory doesn't match image C:\Users\2jd\Documents\ProjetoRio\Library\PackageCache\com.unity.visualscripting@1.8.0\Editor\VisualScripting.Core\Dependencies\DotNetZip\Unity.VisualScripting.IonicZip.dll
- Loaded All Assemblies, in  0.857 seconds
Refreshing native plugins compatible for Editor in 0.64 ms, found 3 plugins.
Native extension for WindowsStandalone target not found
Mono: successfully reloaded assembly
- Finished resetting the current domain, in  0.697 seconds
Domain Reload Profiling: 1553ms
	BeginReloadAssembly (406ms)
		ExecutionOrderSort (0ms)
		DisableScriptedObjects (10ms)
		BackupInstance (0ms)
		ReleaseScriptingObjects (0ms)
		CreateAndSetChildDomain (43ms)
	RebuildCommonClasses (46ms)
	RebuildNativeTypeToScriptingClass (14ms)
	initialDomainReloadingComplete (42ms)
	LoadAllAssembliesAndSetupDomain (347ms)
		LoadAssemblies (305ms)
		RebuildTransferFunctionScriptingTraits (0ms)
		AnalyzeDomain (163ms)
			TypeCache.Refresh (139ms)
				TypeCache.ScanAssembly (127ms)
			BuildScriptInfoCaches (18ms)
			ResolveRequiredComponents (3ms)
	FinalizeReload (698ms)
		ReleaseScriptCaches (0ms)
		RebuildScriptCaches (0ms)
		SetupLoadedEditorAssemblies (473ms)
			LogAssemblyErrors (0ms)
			InitializePlatformSupportModulesInManaged (3ms)
			SetLoadedEditorAssemblies (5ms)
			BeforeProcessingInitializeOnLoad (41ms)
			ProcessInitializeOnLoadAttributes (392ms)
			ProcessInitializeOnLoadMethodAttributes (28ms)
			AfterProcessingInitializeOnLoad (4ms)
			EditorAssembliesLoaded (0ms)
		ExecutionOrderSort2 (0ms)
		AwakeInstancesAfterBackupRestoration (9ms)
Launched and connected shader compiler UnityShaderCompiler.exe after 0.02 seconds
Refreshing native plugins compatible for Editor in 0.81 ms, found 3 plugins.
Preloading 0 native plugins for Editor in 0.00 ms.
Unloading 11 Unused Serialized files (Serialized files now loaded: 0)
Unloading 3143 unused Assets / (1.0 MB). Loaded Objects now: 3724.
Memory consumption went from 126.6 MB to 125.6 MB.
Total: 7.569500 ms (FindLiveObjects: 0.449300 ms CreateObjectMapping: 0.525600 ms MarkObjects: 5.246400 ms  DeleteObjects: 1.346600 ms)

========================================================================
Received Import Request.
  Time since last request: 166803.636722 seconds.
  path: Assets/BrokenVector/LowPolyRockPack/Materials/Green.mat
  artifactKey: Guid(58580be5a1ee44d42a9966d48abb8758) Importer(815301076,1909f56bfc062723c751e8b465ee728b)
Start importing Assets/BrokenVector/LowPolyRockPack/Materials/Green.mat using Guid(58580be5a1ee44d42a9966d48abb8758) Importer(815301076,1909f56bfc062723c751e8b465ee728b) (PreviewImporter) -> (artifact id: 'cc48001a843fc94451eb965ead634da5') in 0.1158382 seconds
Number of updated asset objects reloaded before import = 0Number of asset objects unloaded after import = 2

========================================================================
Received Import Request.
  Time since last request: 402.704593 seconds.
  path: Assets/Quirky Series Ultimate/FREE/Materials
  artifactKey: Guid(8abe48d65d61f044b9959512b5eaa3d2) Importer(815301076,1909f56bfc062723c751e8b465ee728b)
Start importing Assets/Quirky Series Ultimate/FREE/Materials using Guid(8abe48d65d61f044b9959512b5eaa3d2) Importer(815301076,1909f56bfc062723c751e8b465ee728b) (PreviewImporter) -> (artifact id: '59989636d518e18a23198881f751c11d') in 0.0006313 seconds
Number of updated asset objects reloaded before import = 0Number of asset objects unloaded after import = 0

========================================================================
Received Import Request.
  Time since last request: 0.065916 seconds.
  path: Assets/Quirky Series Ultimate/FREE/Materials/M_Sparrow.mat
  artifactKey: Guid(797669773fa10544383b7822df49f5d9) Importer(815301076,1909f56bfc062723c751e8b465ee728b)
Start importing Assets/Quirky Series Ultimate/FREE/Materials/M_Sparrow.mat using Guid(797669773fa10544383b7822df49f5d9) Importer(815301076,1909f56bfc062723c751e8b465ee728b) (PreviewImporter) -> (artifact id: 'ec01579ce7dfd28f5b9a98b034e7d0f1') in 0.0191181 seconds
Number of updated asset objects reloaded before import = 0Number of asset objects unloaded after import = 2

========================================================================
Received Import Request.
  Time since last request: 103.270219 seconds.
  path: Assets/Low_Poly_Mini_Village/Art/Meshes/Materials
  artifactKey: Guid(38a945f0a8c25c841a88cb8d7b412f29) Importer(815301076,1909f56bfc062723c751e8b465ee728b)
Start importing Assets/Low_Poly_Mini_Village/Art/Meshes/Materials using Guid(38a945f0a8c25c841a88cb8d7b412f29) Importer(815301076,1909f56bfc062723c751e8b465ee728b) (PreviewImporter) -> (artifact id: 'be79b09aa5133232c623a8112efda795') in 0.000578 seconds
Number of updated asset objects reloaded before import = 0Number of asset objects unloaded after import = 0

========================================================================
Received Import Request.
  Time since last request: 0.096785 seconds.
  path: Assets/Low_Poly_Mini_Village/Art/Meshes/Materials/05 - Default.mat
  artifactKey: Guid(cbffd392b280a6a4bab598aaf8ea32bb) Importer(815301076,1909f56bfc062723c751e8b465ee728b)
Start importing Assets/Low_Poly_Mini_Village/Art/Meshes/Materials/05 - Default.mat using Guid(cbffd392b280a6a4bab598aaf8ea32bb) Importer(815301076,1909f56bfc062723c751e8b465ee728b) (PreviewImporter) -> (artifact id: '08997ccfacde6df10c33507d3b5b89f5') in 0.1499791 seconds
Number of updated asset objects reloaded before import = 0Number of asset objects unloaded after import = 1

========================================================================
Received Import Request.
  Time since last request: 3.802404 seconds.
  path: Assets/Tree_Textures
  artifactKey: Guid(f2ad84e917de1054592c8931acd6285c) Importer(815301076,1909f56bfc062723c751e8b465ee728b)
Start importing Assets/Tree_Textures using Guid(f2ad84e917de1054592c8931acd6285c) Importer(815301076,1909f56bfc062723c751e8b465ee728b) (PreviewImporter) -> (artifact id: '046c9b2e728610c43c0fef96fba30c3e') in 0.0004876 seconds
Number of updated asset objects reloaded before import = 0Number of asset objects unloaded after import = 0

========================================================================
Received Import Request.
  Time since last request: 0.096858 seconds.
  path: Assets/Tree_Textures/diffuse.png
  artifactKey: Guid(b7b4e33d8e9427f4a8735126e967091c) Importer(815301076,1909f56bfc062723c751e8b465ee728b)
Start importing Assets/Tree_Textures/diffuse.png using Guid(b7b4e33d8e9427f4a8735126e967091c) Importer(815301076,1909f56bfc062723c751e8b465ee728b) (PreviewImporter) -> (artifact id: '5c7f5eeed9abb80b076c27cd5d15ccba') in 0.0240236 seconds
Number of updated asset objects reloaded before import = 0Number of asset objects unloaded after import = 2

========================================================================
Received Import Request.
  Time since last request: 0.000024 seconds.
  path: Assets/Tree_Textures/shadow.png
  artifactKey: Guid(ebbb0b9e8089d6e44b6a3a8c4ceee8ef) Importer(815301076,1909f56bfc062723c751e8b465ee728b)
Start importing Assets/Tree_Textures/shadow.png using Guid(ebbb0b9e8089d6e44b6a3a8c4ceee8ef) Importer(815301076,1909f56bfc062723c751e8b465ee728b) (PreviewImporter) -> (artifact id: 'dde1272b8d77f93b3416f8044cb455fe') in 0.0138098 seconds
Number of updated asset objects reloaded before import = 0Number of asset objects unloaded after import = 2

========================================================================
Received Import Request.
  Time since last request: 5.991178 seconds.
  path: Assets/StylizedGrass
  artifactKey: Guid(88a1a51d69b9d554d8a8ea2b803be38c) Importer(815301076,1909f56bfc062723c751e8b465ee728b)
Start importing Assets/StylizedGrass using Guid(88a1a51d69b9d554d8a8ea2b803be38c) Importer(815301076,1909f56bfc062723c751e8b465ee728b) (PreviewImporter) -> (artifact id: '1424fa70b67651d021494c90460ebc63') in 0.0006321 seconds
Number of updated asset objects reloaded before import = 0Number of asset objects unloaded after import = 0

========================================================================
Received Import Request.
  Time since last request: 0.081582 seconds.
  path: Assets/StylizedGrass/Grass Profile.asset
  artifactKey: Guid(ad90d254e63fed849b487d547a6add68) Importer(815301076,1909f56bfc062723c751e8b465ee728b)
Start importing Assets/StylizedGrass/Grass Profile.asset using Guid(ad90d254e63fed849b487d547a6add68) Importer(815301076,1909f56bfc062723c751e8b465ee728b) (PreviewImporter) -> (artifact id: '0cb3fcef2ee92bae6c045bbdff0b0652') in 0.0010544 seconds
Number of updated asset objects reloaded before import = 0Number of asset objects unloaded after import = 1

========================================================================
Received Import Request.
  Time since last request: 2.300148 seconds.
  path: Assets/StylizedGrass/Demo
  artifactKey: Guid(e2c32406416ac4e41a37920a0d3dc6a8) Importer(815301076,1909f56bfc062723c751e8b465ee728b)
Start importing Assets/StylizedGrass/Demo using Guid(e2c32406416ac4e41a37920a0d3dc6a8) Importer(815301076,1909f56bfc062723c751e8b465ee728b) (PreviewImporter) -> (artifact id: '0d31d2c373c647c920b8eb8431571cab') in 0.0005851 seconds
Number of updated asset objects reloaded before import = 0Number of asset objects unloaded after import = 0

========================================================================
Received Import Request.
  Time since last request: 0.066613 seconds.
  path: Assets/StylizedGrass/Demo/Demo Post Process Settings.asset
  artifactKey: Guid(b820f18c88d8da64c9a52f9c9591f9db) Importer(815301076,1909f56bfc062723c751e8b465ee728b)
Start importing Assets/StylizedGrass/Demo/Demo Post Process Settings.asset using Guid(b820f18c88d8da64c9a52f9c9591f9db) Importer(815301076,1909f56bfc062723c751e8b465ee728b) (PreviewImporter) -> (artifact id: '2b5c9b851e0ea68486d7cf555e847cac') in 0.0011297 seconds
Number of updated asset objects reloaded before import = 0Number of asset objects unloaded after import = 1

========================================================================
Received Import Request.
  Time since last request: 0.000126 seconds.
  path: Assets/StylizedGrass/Demo/Plane Mat.mat
  artifactKey: Guid(983e78d7cd073fe4e8feec48f2fe234a) Importer(815301076,1909f56bfc062723c751e8b465ee728b)
Start importing Assets/StylizedGrass/Demo/Plane Mat.mat using Guid(983e78d7cd073fe4e8feec48f2fe234a) Importer(815301076,1909f56bfc062723c751e8b465ee728b) (PreviewImporter) -> (artifact id: '0320b962e5964209b22d38a555f6eabb') in 0.0218343 seconds
Number of updated asset objects reloaded before import = 0Number of asset objects unloaded after import = 1

========================================================================
Received Import Request.
  Time since last request: 2.620698 seconds.
  path: Assets/StylizedGrass/Prefabs
  artifactKey: Guid(083abe7f9225e8e429192b2f32b6dcf1) Importer(815301076,1909f56bfc062723c751e8b465ee728b)
Start importing Assets/StylizedGrass/Prefabs using Guid(083abe7f9225e8e429192b2f32b6dcf1) Importer(815301076,1909f56bfc062723c751e8b465ee728b) (PreviewImporter) -> (artifact id: '44162ca6664efaa482bdb99e8c591f69') in 0.0004956 seconds
Number of updated asset objects reloaded before import = 0Number of asset objects unloaded after import = 0

========================================================================
Received Import Request.
  Time since last request: 0.064079 seconds.
  path: Assets/StylizedGrass/Prefabs/nQuad-Circle.prefab
  artifactKey: Guid(2219690555ddaa043826f61dfc2acc1e) Importer(815301076,1909f56bfc062723c751e8b465ee728b)
Start importing Assets/StylizedGrass/Prefabs/nQuad-Circle.prefab using Guid(2219690555ddaa043826f61dfc2acc1e) Importer(815301076,1909f56bfc062723c751e8b465ee728b) (PreviewImporter) -> (artifact id: '2305064f8308cf1a67e9e469462eff7c') in 0.033655 seconds
Number of updated asset objects reloaded before import = 0Number of asset objects unloaded after import = 7

========================================================================
Received Import Request.
  Time since last request: 0.000032 seconds.
  path: Assets/StylizedGrass/Prefabs/sQuad-Circle.prefab
  artifactKey: Guid(ac79825ab8114b640a433b1ef6ab6ef8) Importer(815301076,1909f56bfc062723c751e8b465ee728b)
Start importing Assets/StylizedGrass/Prefabs/sQuad-Circle.prefab using Guid(ac79825ab8114b640a433b1ef6ab6ef8) Importer(815301076,1909f56bfc062723c751e8b465ee728b) (PreviewImporter) -> (artifact id: '18fc22cd5bc5c62958c92382b6487127') in 0.0143008 seconds
Number of updated asset objects reloaded before import = 0Number of asset objects unloaded after import = 7

========================================================================
Received Import Request.
  Time since last request: 0.000048 seconds.
  path: Assets/StylizedGrass/Prefabs/sTri-Plane.prefab
  artifactKey: Guid(f3b879d27bb99b948a6fafb39d01f19c) Importer(815301076,1909f56bfc062723c751e8b465ee728b)
Start importing Assets/StylizedGrass/Prefabs/sTri-Plane.prefab using Guid(f3b879d27bb99b948a6fafb39d01f19c) Importer(815301076,1909f56bfc062723c751e8b465ee728b) (PreviewImporter) -> (artifact id: '85407bb3d13caefd8696032764eda313') in 0.0149969 seconds
Number of updated asset objects reloaded before import = 0Number of asset objects unloaded after import = 7

========================================================================
Received Import Request.
  Time since last request: 2.905934 seconds.
  path: Assets/StylizedGrass/Textures
  artifactKey: Guid(52b63dcab0ff9f744bbdf988e22a34a0) Importer(815301076,1909f56bfc062723c751e8b465ee728b)
Start importing Assets/StylizedGrass/Textures using Guid(52b63dcab0ff9f744bbdf988e22a34a0) Importer(815301076,1909f56bfc062723c751e8b465ee728b) (PreviewImporter) -> (artifact id: '11a258d2d42f7942dde8e11866ac12c3') in 0.0005538 seconds
Number of updated asset objects reloaded before import = 0Number of asset objects unloaded after import = 0

========================================================================
Received Import Request.
  Time since last request: 0.778295 seconds.
  path: Assets/StylizedGrass/Textures/grassblade.png
  artifactKey: Guid(15e7dec11854bc64bac70e8cae26fd69) Importer(815301076,1909f56bfc062723c751e8b465ee728b)
Start importing Assets/StylizedGrass/Textures/grassblade.png using Guid(15e7dec11854bc64bac70e8cae26fd69) Importer(815301076,1909f56bfc062723c751e8b465ee728b) (PreviewImporter) -> (artifact id: '1a75fcdd1d70bfd9e6b45ccd06a7691f') in 0.0198908 seconds
Number of updated asset objects reloaded before import = 0Number of asset objects unloaded after import = 2

========================================================================
Received Import Request.
  Time since last request: 22.041355 seconds.
  path: Assets/StylizedGrass/Materials
  artifactKey: Guid(57632f10d7e5a3f40857ee9cdd8ba7a3) Importer(815301076,1909f56bfc062723c751e8b465ee728b)
Start importing Assets/StylizedGrass/Materials using Guid(57632f10d7e5a3f40857ee9cdd8ba7a3) Importer(815301076,1909f56bfc062723c751e8b465ee728b) (PreviewImporter) -> (artifact id: 'abddee6b5ea6ff647a223443a4ee61b9') in 0.000608 seconds
Number of updated asset objects reloaded before import = 0Number of asset objects unloaded after import = 0

========================================================================
Received Import Request.
  Time since last request: 0.112509 seconds.
  path: Assets/StylizedGrass/Materials/grassblade.mat
  artifactKey: Guid(d6764b3191f8be84ea81e93a9240fd44) Importer(815301076,1909f56bfc062723c751e8b465ee728b)
Start importing Assets/StylizedGrass/Materials/grassblade.mat using Guid(d6764b3191f8be84ea81e93a9240fd44) Importer(815301076,1909f56bfc062723c751e8b465ee728b) (PreviewImporter) -> (artifact id: 'c847a9d8bd8632269ffb2c1cd8d422c2') in 0.0136016 seconds
Number of updated asset objects reloaded before import = 0Number of asset objects unloaded after import = 2

========================================================================
Received Import Request.
  Time since last request: 13.318413 seconds.
  path: Assets/StylizedGrass/VFX Graphs
  artifactKey: Guid(f5fb332bc4728534d86e537879004eee) Importer(815301076,1909f56bfc062723c751e8b465ee728b)
Start importing Assets/StylizedGrass/VFX Graphs using Guid(f5fb332bc4728534d86e537879004eee) Importer(815301076,1909f56bfc062723c751e8b465ee728b) (PreviewImporter) -> (artifact id: '8e76454077708f688074bdbd799bc182') in 0.0005789 seconds
Number of updated asset objects reloaded before import = 0Number of asset objects unloaded after import = 0

========================================================================
Received Import Request.
  Time since last request: 1.217202 seconds.
  path: Assets/StylizedGrass/VFX Graphs/Grass
  artifactKey: Guid(4b8dc4ed2e337084c9cf45b4ff45ef89) Importer(815301076,1909f56bfc062723c751e8b465ee728b)
Start importing Assets/StylizedGrass/VFX Graphs/Grass using Guid(4b8dc4ed2e337084c9cf45b4ff45ef89) Importer(815301076,1909f56bfc062723c751e8b465ee728b) (PreviewImporter) -> (artifact id: 'cbbbbeb4e12683833871d9e1a5f0ff60') in 0.0004912 seconds
Number of updated asset objects reloaded before import = 0Number of asset objects unloaded after import = 0

========================================================================
Received Import Request.
  Time since last request: 1.077873 seconds.
  path: Assets/StylizedGrass/VFX Graphs/Grass/quads-Circle.vfx
  artifactKey: Guid(ed41155a8a6084448942d83abda503f2) Importer(815301076,1909f56bfc062723c751e8b465ee728b)
Start importing Assets/StylizedGrass/VFX Graphs/Grass/quads-Circle.vfx using Guid(ed41155a8a6084448942d83abda503f2) Importer(815301076,1909f56bfc062723c751e8b465ee728b) (PreviewImporter) -> (artifact id: '86e4c283360a8f754dfcf307a90d6d62') in 0.0011508 seconds
Number of updated asset objects reloaded before import = 0Number of asset objects unloaded after import = 1

========================================================================
Received Prepare
Begin MonoManager ReloadAssembly
C:\build\output\Unity-Technologies\mono\mono\metadata\icall.c:1842:
C:\build\output\Unity-Technologies\mono\mono\metadata\icall.c:1842:
C:\build\output\Unity-Technologies\mono\mono\metadata\icall.c:1842:
C:\build\output\Unity-Technologies\mono\mono\metadata\icall.c:1842:
C:\build\output\Unity-Technologies\mono\mono\metadata\icall.c:1842:
C:\build\output\Unity-Technologies\mono\mono\metadata\icall.c:1842:
C:\build\output\Unity-Technologies\mono\mono\metadata\icall.c:1842:
C:\build\output\Unity-Technologies\mono\mono\metadata\icall.c:1842:
C:\build\output\Unity-Technologies\mono\mono\metadata\icall.c:1842:
C:\build\output\Unity-Technologies\mono\mono\metadata\icall.c:1842:
C:\build\output\Unity-Technologies\mono\mono\metadata\icall.c:1842:
C:\build\output\Unity-Technologies\mono\mono\metadata\icall.c:1842:
Symbol file LoadedFromMemory doesn't match image C:\Users\2jd\Documents\ProjetoRio\Library\PackageCache\com.unity.visualscripting@1.8.0\Editor\VisualScripting.Core\Dependencies\YamlDotNet\Unity.VisualScripting.YamlDotNet.dll
Symbol file LoadedFromMemory doesn't match image C:\Users\2jd\Documents\ProjetoRio\Library\PackageCache\com.unity.visualscripting@1.8.0\Editor\VisualScripting.Core\Dependencies\DotNetZip\Unity.VisualScripting.IonicZip.dll
- Loaded All Assemblies, in  0.569 seconds
Refreshing native plugins compatible for Editor in 0.54 ms, found 3 plugins.
Native extension for WindowsStandalone target not found
Mono: successfully reloaded assembly
- Finished resetting the current domain, in  0.585 seconds
Domain Reload Profiling: 1154ms
	BeginReloadAssembly (184ms)
		ExecutionOrderSort (0ms)
		DisableScriptedObjects (5ms)
		BackupInstance (0ms)
		ReleaseScriptingObjects (0ms)
		CreateAndSetChildDomain (46ms)
	RebuildCommonClasses (38ms)
	RebuildNativeTypeToScriptingClass (13ms)
	initialDomainReloadingComplete (23ms)
	LoadAllAssembliesAndSetupDomain (310ms)
		LoadAssemblies (280ms)
		RebuildTransferFunctionScriptingTraits (0ms)
		AnalyzeDomain (126ms)
			TypeCache.Refresh (8ms)
				TypeCache.ScanAssembly (1ms)
			BuildScriptInfoCaches (111ms)
			ResolveRequiredComponents (4ms)
	FinalizeReload (586ms)
		ReleaseScriptCaches (0ms)
		RebuildScriptCaches (0ms)
		SetupLoadedEditorAssemblies (374ms)
			LogAssemblyErrors (0ms)
			InitializePlatformSupportModulesInManaged (2ms)
			SetLoadedEditorAssemblies (4ms)
			BeforeProcessingInitializeOnLoad (37ms)
			ProcessInitializeOnLoadAttributes (302ms)
			ProcessInitializeOnLoadMethodAttributes (24ms)
			AfterProcessingInitializeOnLoad (4ms)
			EditorAssembliesLoaded (0ms)
		ExecutionOrderSort2 (0ms)
		AwakeInstancesAfterBackupRestoration (10ms)
Refreshing native plugins compatible for Editor in 0.55 ms, found 3 plugins.
Preloading 0 native plugins for Editor in 0.00 ms.
Unloading 0 Unused Serialized files (Serialized files now loaded: 0)
Unloading 3153 unused Assets / (0.6 MB). Loaded Objects now: 3782.
Memory consumption went from 127.1 MB to 126.5 MB.
Total: 5.158200 ms (FindLiveObjects: 0.448300 ms CreateObjectMapping: 0.159200 ms MarkObjects: 3.811000 ms  DeleteObjects: 0.737600 ms)

Prepare: number of updated asset objects reloaded= 0
========================================================================
Received Import Request.
  Time since last request: 143.723578 seconds.
  path: Assets/Packages
  artifactKey: Guid(0ead6936b8368464ca97938b534d4e62) Importer(815301076,1909f56bfc062723c751e8b465ee728b)
Start importing Assets/Packages using Guid(0ead6936b8368464ca97938b534d4e62) Importer(815301076,1909f56bfc062723c751e8b465ee728b) (PreviewImporter) -> (artifact id: '7caa1ea2d230f07380ad332d7e7ab951') in 0.0018189 seconds
Number of updated asset objects reloaded before import = 0Number of asset objects unloaded after import = 0

========================================================================
Received Import Request.
  Time since last request: 3.254780 seconds.
  path: Assets/Packages/Point-Grass-Renderer
  artifactKey: Guid(90bcb7b4b75f8e14c915a0f6fbf3e8f0) Importer(815301076,1909f56bfc062723c751e8b465ee728b)
Start importing Assets/Packages/Point-Grass-Renderer using Guid(90bcb7b4b75f8e14c915a0f6fbf3e8f0) Importer(815301076,1909f56bfc062723c751e8b465ee728b) (PreviewImporter) -> (artifact id: '1df95e71e3e9ba08cc15a05431118924') in 0.0005616 seconds
Number of updated asset objects reloaded before import = 0Number of asset objects unloaded after import = 0

========================================================================
Received Import Request.
  Time since last request: 1.662293 seconds.
  path: Assets/Packages/Point-Grass-Renderer/Editor
  artifactKey: Guid(69799d6f480874e468b08fba5aec411f) Importer(815301076,1909f56bfc062723c751e8b465ee728b)
Start importing Assets/Packages/Point-Grass-Renderer/Editor using Guid(69799d6f480874e468b08fba5aec411f) Importer(815301076,1909f56bfc062723c751e8b465ee728b) (PreviewImporter) -> (artifact id: '82d2f2f2c4dc957162792c8bd42dcf30') in 0.0005492 seconds
Number of updated asset objects reloaded before import = 0Number of asset objects unloaded after import = 0

========================================================================
Received Import Request.
  Time since last request: 0.058844 seconds.
  path: Assets/Packages/Point-Grass-Renderer/Editor/MicahW.PointGrassRenderer.Editor.asmdef
  artifactKey: Guid(6c12126ec900f9c40a68fd6bb018115f) Importer(815301076,1909f56bfc062723c751e8b465ee728b)
Start importing Assets/Packages/Point-Grass-Renderer/Editor/MicahW.PointGrassRenderer.Editor.asmdef using Guid(6c12126ec900f9c40a68fd6bb018115f) Importer(815301076,1909f56bfc062723c751e8b465ee728b) (PreviewImporter) -> (artifact id: 'f6a951b15c96932e717299202318805c') in 0.000535 seconds
Number of updated asset objects reloaded before import = 0Number of asset objects unloaded after import = 0

========================================================================
Received Import Request.
  Time since last request: 3.720852 seconds.
  path: Assets/Packages/Point-Grass-Renderer/Runtime
  artifactKey: Guid(8b7f92a1a1a428047a86c2da053587c1) Importer(815301076,1909f56bfc062723c751e8b465ee728b)
Start importing Assets/Packages/Point-Grass-Renderer/Runtime using Guid(8b7f92a1a1a428047a86c2da053587c1) Importer(815301076,1909f56bfc062723c751e8b465ee728b) (PreviewImporter) -> (artifact id: '7b05be72246c987ae9f26de44e453a49') in 0.0006331 seconds
Number of updated asset objects reloaded before import = 0Number of asset objects unloaded after import = 0

========================================================================
Received Import Request.
  Time since last request: 0.059930 seconds.
  path: Assets/Packages/Point-Grass-Renderer/Runtime/MicahW.PointGrassRenderer.Runtime.asmdef
  artifactKey: Guid(5225a1339f767f54a8d5970154a686ca) Importer(815301076,1909f56bfc062723c751e8b465ee728b)
Start importing Assets/Packages/Point-Grass-Renderer/Runtime/MicahW.PointGrassRenderer.Runtime.asmdef using Guid(5225a1339f767f54a8d5970154a686ca) Importer(815301076,1909f56bfc062723c751e8b465ee728b) (PreviewImporter) -> (artifact id: 'caee70f331f4a850c335359bd8bb6655') in 0.0005519 seconds
Number of updated asset objects reloaded before import = 0Number of asset objects unloaded after import = 0

========================================================================
Received Import Request.
  Time since last request: 1.154168 seconds.
  path: Assets/Packages/Point-Grass-Renderer/Runtime/Demo
  artifactKey: Guid(c3391e48821e19145ad8d93c08465121) Importer(815301076,1909f56bfc062723c751e8b465ee728b)
Start importing Assets/Packages/Point-Grass-Renderer/Runtime/Demo using Guid(c3391e48821e19145ad8d93c08465121) Importer(815301076,1909f56bfc062723c751e8b465ee728b) (PreviewImporter) -> (artifact id: '4e4eb291bd17ad0e507bb6bdcb893fdd') in 0.0005223 seconds
Number of updated asset objects reloaded before import = 0Number of asset objects unloaded after import = 0

========================================================================
Received Import Request.
  Time since last request: 0.062131 seconds.
  path: Assets/Packages/Point-Grass-Renderer/Runtime/Demo/PG_EXAMPLE_PostProcess.asset
  artifactKey: Guid(e974481b18f85b74ea695309ae4bdb27) Importer(815301076,1909f56bfc062723c751e8b465ee728b)
Start importing Assets/Packages/Point-Grass-Renderer/Runtime/Demo/PG_EXAMPLE_PostProcess.asset using Guid(e974481b18f85b74ea695309ae4bdb27) Importer(815301076,1909f56bfc062723c751e8b465ee728b) (PreviewImporter) -> (artifact id: 'e534a5c2632bf6bf62366e76f52890d7') in 0.0026539 seconds
Number of updated asset objects reloaded before import = 0Number of asset objects unloaded after import = 1

========================================================================
Received Import Request.
  Time since last request: 0.999700 seconds.
  path: Assets/Packages/Point-Grass-Renderer/Runtime/Demo/Materials
  artifactKey: Guid(69e92055f738b0c48a744aa4822ddfbc) Importer(815301076,1909f56bfc062723c751e8b465ee728b)
Start importing Assets/Packages/Point-Grass-Renderer/Runtime/Demo/Materials using Guid(69e92055f738b0c48a744aa4822ddfbc) Importer(815301076,1909f56bfc062723c751e8b465ee728b) (PreviewImporter) -> (artifact id: '2789798f97efa48abc5e7eb7b55538c0') in 0.0005433 seconds
Number of updated asset objects reloaded before import = 0Number of asset objects unloaded after import = 0

========================================================================
Received Import Request.
  Time since last request: 0.210663 seconds.
  path: Assets/Packages/Point-Grass-Renderer/Runtime/Demo/Materials/PGDemo_Base.mat
  artifactKey: Guid(1de1e948446a71c46b3490091328b310) Importer(815301076,1909f56bfc062723c751e8b465ee728b)
Start importing Assets/Packages/Point-Grass-Renderer/Runtime/Demo/Materials/PGDemo_Base.mat using Guid(1de1e948446a71c46b3490091328b310) Importer(815301076,1909f56bfc062723c751e8b465ee728b) (PreviewImporter) -> (artifact id: '9a6b555fd165ba5769594b5d3418e2de') in 0.0939784 seconds
Number of updated asset objects reloaded before import = 0Number of asset objects unloaded after import = 1

========================================================================
Received Import Request.
  Time since last request: 0.000029 seconds.
  path: Assets/Packages/Point-Grass-Renderer/Runtime/Demo/Materials/PGDemo_Blade.mat
  artifactKey: Guid(f7bc96225726e0641a6653092cea035f) Importer(815301076,1909f56bfc062723c751e8b465ee728b)
Start importing Assets/Packages/Point-Grass-Renderer/Runtime/Demo/Materials/PGDemo_Blade.mat using Guid(f7bc96225726e0641a6653092cea035f) Importer(815301076,1909f56bfc062723c751e8b465ee728b) (PreviewImporter) -> (artifact id: 'b93238458f9e1c3c59c8e16e58b2606b') in 0.0086022 seconds
Number of updated asset objects reloaded before import = 0Number of asset objects unloaded after import = 1

========================================================================
Received Import Request.
  Time since last request: 3.188676 seconds.
  path: Assets/Packages/Point-Grass-Renderer/Runtime/Demo/Models
  artifactKey: Guid(00608ff0a9844dc4fb725942b3a0efb7) Importer(815301076,1909f56bfc062723c751e8b465ee728b)
Start importing Assets/Packages/Point-Grass-Renderer/Runtime/Demo/Models using Guid(00608ff0a9844dc4fb725942b3a0efb7) Importer(815301076,1909f56bfc062723c751e8b465ee728b) (PreviewImporter) -> (artifact id: 'c9b2e0c5c0fa5bef3ac655d4acbfe630') in 0.0005443 seconds
Number of updated asset objects reloaded before import = 0Number of asset objects unloaded after import = 0

========================================================================
Received Import Request.
  Time since last request: 0.064325 seconds.
  path: Assets/Packages/Point-Grass-Renderer/Runtime/Demo/Models/PointGrass_EXAMPLE_Models.fbx
  artifactKey: Guid(002bf449675252849a29782b177a97f2) Importer(815301076,1909f56bfc062723c751e8b465ee728b)
Start importing Assets/Packages/Point-Grass-Renderer/Runtime/Demo/Models/PointGrass_EXAMPLE_Models.fbx using Guid(002bf449675252849a29782b177a97f2) Importer(815301076,1909f56bfc062723c751e8b465ee728b) (PreviewImporter) -> (artifact id: 'f1d36b77c58cd71a64ea18294ceeb997') in 0.0970235 seconds
Number of updated asset objects reloaded before import = 0Number of asset objects unloaded after import = 24

========================================================================
Received Import Request.
  Time since last request: 29.658623 seconds.
  path: Assets/Packages/Point-Grass-Renderer/Runtime/Scripts
  artifactKey: Guid(b5e63f14595b3fb429396879bd18bfb5) Importer(815301076,1909f56bfc062723c751e8b465ee728b)
Start importing Assets/Packages/Point-Grass-Renderer/Runtime/Scripts using Guid(b5e63f14595b3fb429396879bd18bfb5) Importer(815301076,1909f56bfc062723c751e8b465ee728b) (PreviewImporter) -> (artifact id: '2f9ae695cfcd1a7c437041bb2a2ddf20') in 0.0006219 seconds
Number of updated asset objects reloaded before import = 0Number of asset objects unloaded after import = 0

========================================================================
Received Import Request.
  Time since last request: 4.390495 seconds.
  path: Assets/Packages/Point-Grass-Renderer/Runtime/Presets
  artifactKey: Guid(5e7907611c14a9547a389ea7f321e3b1) Importer(815301076,1909f56bfc062723c751e8b465ee728b)
Start importing Assets/Packages/Point-Grass-Renderer/Runtime/Presets using Guid(5e7907611c14a9547a389ea7f321e3b1) Importer(815301076,1909f56bfc062723c751e8b465ee728b) (PreviewImporter) -> (artifact id: 'd12991026386ba5f5e4e3d4890de02cb') in 0.0004963 seconds
Number of updated asset objects reloaded before import = 0Number of asset objects unloaded after import = 0

========================================================================
Received Import Request.
  Time since last request: 0.073014 seconds.
  path: Assets/Packages/Point-Grass-Renderer/Runtime/Presets/PGR_Default.preset
  artifactKey: Guid(9b78081a88c0a4f4499a76851d14c5f1) Importer(815301076,1909f56bfc062723c751e8b465ee728b)
Start importing Assets/Packages/Point-Grass-Renderer/Runtime/Presets/PGR_Default.preset using Guid(9b78081a88c0a4f4499a76851d14c5f1) Importer(815301076,1909f56bfc062723c751e8b465ee728b) (PreviewImporter) -> (artifact id: '04ac76e09949ed292f066f06f86a782d') in 0.0036296 seconds
Number of updated asset objects reloaded before import = 0Number of asset objects unloaded after import = 3

========================================================================
Received Import Request.
  Time since last request: 1.985817 seconds.
  path: Assets/Packages/Point-Grass-Renderer/Runtime/Shaders
  artifactKey: Guid(18170de604fce274a9dfd41ab1b4cf45) Importer(815301076,1909f56bfc062723c751e8b465ee728b)
Start importing Assets/Packages/Point-Grass-Renderer/Runtime/Shaders using Guid(18170de604fce274a9dfd41ab1b4cf45) Importer(815301076,1909f56bfc062723c751e8b465ee728b) (PreviewImporter) -> (artifact id: 'bd7853efdc6236690589f4ffd396d1e9') in 0.0006046 seconds
Number of updated asset objects reloaded before import = 0Number of asset objects unloaded after import = 0

========================================================================
Received Import Request.
  Time since last request: 3.312022 seconds.
  path: Assets/Packages/Point-Grass-Renderer/Runtime/Scripts/Common
  artifactKey: Guid(aa418d1f2860da94b9d897a2ce8f2514) Importer(815301076,1909f56bfc062723c751e8b465ee728b)
Start importing Assets/Packages/Point-Grass-Renderer/Runtime/Scripts/Common using Guid(aa418d1f2860da94b9d897a2ce8f2514) Importer(815301076,1909f56bfc062723c751e8b465ee728b) (PreviewImporter) -> (artifact id: '85937085d6f49318962d0effae80e3f4') in 0.0005286 seconds
Number of updated asset objects reloaded before import = 0Number of asset objects unloaded after import = 0

========================================================================
Received Import Request.
  Time since last request: 1.123451 seconds.
  path: Assets/Packages/Point-Grass-Renderer/Runtime/Scripts/Common/DistributePointsAlongMesh.cs
  artifactKey: Guid(bdf3e2b8cd29f1b4a9fba3316ef3a3a2) Importer(815301076,1909f56bfc062723c751e8b465ee728b)
Start importing Assets/Packages/Point-Grass-Renderer/Runtime/Scripts/Common/DistributePointsAlongMesh.cs using Guid(bdf3e2b8cd29f1b4a9fba3316ef3a3a2) Importer(815301076,1909f56bfc062723c751e8b465ee728b) (PreviewImporter) -> (artifact id: 'c9e852991706c5081fbb131c5db7474a') in 0.0005816 seconds
Number of updated asset objects reloaded before import = 0Number of asset objects unloaded after import = 0

========================================================================
Received Prepare
Refreshing native plugins compatible for Editor in 0.55 ms, found 3 plugins.
Preloading 0 native plugins for Editor in 0.00 ms.
Unloading 0 Unused Serialized files (Serialized files now loaded: 0)
Unloading 3136 unused Assets / (0.8 MB). Loaded Objects now: 3776.
Memory consumption went from 127.7 MB to 126.9 MB.
Total: 6.112300 ms (FindLiveObjects: 0.455000 ms CreateObjectMapping: 0.190500 ms MarkObjects: 4.602700 ms  DeleteObjects: 0.862600 ms)

Prepare: number of updated asset objects reloaded= 0
========================================================================
Received Prepare
Begin MonoManager ReloadAssembly
C:\build\output\Unity-Technologies\mono\mono\metadata\icall.c:1842:
C:\build\output\Unity-Technologies\mono\mono\metadata\icall.c:1842:
C:\build\output\Unity-Technologies\mono\mono\metadata\icall.c:1842:
C:\build\output\Unity-Technologies\mono\mono\metadata\icall.c:1842:
C:\build\output\Unity-Technologies\mono\mono\metadata\icall.c:1842:
C:\build\output\Unity-Technologies\mono\mono\metadata\icall.c:1842:
C:\build\output\Unity-Technologies\mono\mono\metadata\icall.c:1842:
C:\build\output\Unity-Technologies\mono\mono\metadata\icall.c:1842:
C:\build\output\Unity-Technologies\mono\mono\metadata\icall.c:1842:
C:\build\output\Unity-Technologies\mono\mono\metadata\icall.c:1842:
C:\build\output\Unity-Technologies\mono\mono\metadata\icall.c:1842:
C:\build\output\Unity-Technologies\mono\mono\metadata\icall.c:1842:
Symbol file LoadedFromMemory doesn't match image C:\Users\2jd\Documents\ProjetoRio\Library\PackageCache\com.unity.visualscripting@1.8.0\Editor\VisualScripting.Core\Dependencies\YamlDotNet\Unity.VisualScripting.YamlDotNet.dll
Symbol file LoadedFromMemory doesn't match image C:\Users\2jd\Documents\ProjetoRio\Library\PackageCache\com.unity.visualscripting@1.8.0\Editor\VisualScripting.Core\Dependencies\DotNetZip\Unity.VisualScripting.IonicZip.dll
- Loaded All Assemblies, in  0.644 seconds
Refreshing native plugins compatible for Editor in 0.73 ms, found 3 plugins.
Native extension for WindowsStandalone target not found
Mono: successfully reloaded assembly
- Finished resetting the current domain, in  0.830 seconds
Domain Reload Profiling: 1474ms
	BeginReloadAssembly (205ms)
		ExecutionOrderSort (0ms)
		DisableScriptedObjects (5ms)
		BackupInstance (0ms)
		ReleaseScriptingObjects (0ms)
		CreateAndSetChildDomain (51ms)
	RebuildCommonClasses (40ms)
	RebuildNativeTypeToScriptingClass (14ms)
	initialDomainReloadingComplete (24ms)
	LoadAllAssembliesAndSetupDomain (359ms)
		LoadAssemblies (327ms)
		RebuildTransferFunctionScriptingTraits (0ms)
		AnalyzeDomain (142ms)
			TypeCache.Refresh (7ms)
				TypeCache.ScanAssembly (0ms)
			BuildScriptInfoCaches (126ms)
			ResolveRequiredComponents (4ms)
	FinalizeReload (831ms)
		ReleaseScriptCaches (0ms)
		RebuildScriptCaches (0ms)
		SetupLoadedEditorAssemblies (520ms)
			LogAssemblyErrors (0ms)
			InitializePlatformSupportModulesInManaged (3ms)
			SetLoadedEditorAssemblies (10ms)
			BeforeProcessingInitializeOnLoad (59ms)
			ProcessInitializeOnLoadAttributes (411ms)
			ProcessInitializeOnLoadMethodAttributes (31ms)
			AfterProcessingInitializeOnLoad (5ms)
			EditorAssembliesLoaded (0ms)
		ExecutionOrderSort2 (0ms)
		AwakeInstancesAfterBackupRestoration (19ms)
Refreshing native plugins compatible for Editor in 0.57 ms, found 3 plugins.
Preloading 0 native plugins for Editor in 0.00 ms.
Unloading 0 Unused Serialized files (Serialized files now loaded: 0)
Unloading 3141 unused Assets / (0.7 MB). Loaded Objects now: 3775.
Memory consumption went from 129.1 MB to 128.4 MB.
Total: 5.568000 ms (FindLiveObjects: 0.425600 ms CreateObjectMapping: 0.156800 ms MarkObjects: 4.083500 ms  DeleteObjects: 0.899800 ms)

Prepare: number of updated asset objects reloaded= 0
========================================================================
Received Import Request.
  Time since last request: 40.604522 seconds.
  path: Assets/Nature
  artifactKey: Guid(a91f663e2ff5bac4fad491373db6cf3c) Importer(815301076,1909f56bfc062723c751e8b465ee728b)
Start importing Assets/Nature using Guid(a91f663e2ff5bac4fad491373db6cf3c) Importer(815301076,1909f56bfc062723c751e8b465ee728b) (PreviewImporter) -> (artifact id: '3a9b54b6ee812bab009b78533d7695cc') in 0.0018099 seconds
Number of updated asset objects reloaded before import = 0Number of asset objects unloaded after import = 0

========================================================================
Received Import Request.
  Time since last request: 0.638948 seconds.
  path: Assets/Nature/GrassAndFlowers
  artifactKey: Guid(50ce40f44777544459c1add67cddf7aa) Importer(815301076,1909f56bfc062723c751e8b465ee728b)
Start importing Assets/Nature/GrassAndFlowers using Guid(50ce40f44777544459c1add67cddf7aa) Importer(815301076,1909f56bfc062723c751e8b465ee728b) (PreviewImporter) -> (artifact id: 'fdbfb15e4660c868ac828baa26a4468e') in 0.0005249 seconds
Number of updated asset objects reloaded before import = 0Number of asset objects unloaded after import = 0

========================================================================
Received Import Request.
  Time since last request: 0.062113 seconds.
  path: Assets/Nature/GrassAndFlowers/GrassGround.mat
  artifactKey: Guid(26dac6fe95c0a5541935247759bd6d3e) Importer(815301076,1909f56bfc062723c751e8b465ee728b)
Start importing Assets/Nature/GrassAndFlowers/GrassGround.mat using Guid(26dac6fe95c0a5541935247759bd6d3e) Importer(815301076,1909f56bfc062723c751e8b465ee728b) (PreviewImporter) -> (artifact id: '79ec7352e8b38f2403058f7a67953174') in 0.1071224 seconds
Number of updated asset objects reloaded before import = 0Number of asset objects unloaded after import = 1

========================================================================
Received Import Request.
  Time since last request: 1.476291 seconds.
  path: Assets/Nature/GrassAndFlowers/Grass
  artifactKey: Guid(bd0625f0aac049746ad5363e1c0ad3a7) Importer(815301076,1909f56bfc062723c751e8b465ee728b)
Start importing Assets/Nature/GrassAndFlowers/Grass using Guid(bd0625f0aac049746ad5363e1c0ad3a7) Importer(815301076,1909f56bfc062723c751e8b465ee728b) (PreviewImporter) -> (artifact id: 'ee301420b24aeb680bd5af672c664c25') in 0.0005325 seconds
Number of updated asset objects reloaded before import = 0Number of asset objects unloaded after import = 0

========================================================================
Received Import Request.
  Time since last request: 1.016243 seconds.
  path: Assets/Nature/GrassAndFlowers/Grass/Materials
  artifactKey: Guid(1b4f949d5181bc648804d5962d9ad299) Importer(815301076,1909f56bfc062723c751e8b465ee728b)
Start importing Assets/Nature/GrassAndFlowers/Grass/Materials using Guid(1b4f949d5181bc648804d5962d9ad299) Importer(815301076,1909f56bfc062723c751e8b465ee728b) (PreviewImporter) -> (artifact id: '29342fe541e681bf0ab6b5106fc26f32') in 0.0005432 seconds
Number of updated asset objects reloaded before import = 0Number of asset objects unloaded after import = 0

========================================================================
Received Import Request.
  Time since last request: 0.069317 seconds.
  path: Assets/Nature/GrassAndFlowers/Grass/Materials/Grass1.mat
  artifactKey: Guid(a36d0c75fc554194294b44df0fb05c36) Importer(815301076,1909f56bfc062723c751e8b465ee728b)
Start importing Assets/Nature/GrassAndFlowers/Grass/Materials/Grass1.mat using Guid(a36d0c75fc554194294b44df0fb05c36) Importer(815301076,1909f56bfc062723c751e8b465ee728b) (PreviewImporter) -> (artifact id: 'bf69a8cd7d8b51db6a087aaaeb6ece14') in 0.4617627 seconds
Number of updated asset objects reloaded before import = 0Number of asset objects unloaded after import = 1

========================================================================
Received Import Request.
  Time since last request: 0.000031 seconds.
  path: Assets/Nature/GrassAndFlowers/Grass/Materials/Grass5.mat
  artifactKey: Guid(11261a18e8372dc42afb1ee8f33b31cb) Importer(815301076,1909f56bfc062723c751e8b465ee728b)
Start importing Assets/Nature/GrassAndFlowers/Grass/Materials/Grass5.mat using Guid(11261a18e8372dc42afb1ee8f33b31cb) Importer(815301076,1909f56bfc062723c751e8b465ee728b) (PreviewImporter) -> (artifact id: 'dc37729c6a3dfaa5750ab69d0f05a979') in 0.023681 seconds
Number of updated asset objects reloaded before import = 0Number of asset objects unloaded after import = 1

========================================================================
Received Import Request.
  Time since last request: 0.000069 seconds.
  path: Assets/Nature/GrassAndFlowers/Grass/Materials/Grass4.mat
  artifactKey: Guid(d21c99efd118baa4d9c62017db2034ca) Importer(815301076,1909f56bfc062723c751e8b465ee728b)
Start importing Assets/Nature/GrassAndFlowers/Grass/Materials/Grass4.mat using Guid(d21c99efd118baa4d9c62017db2034ca) Importer(815301076,1909f56bfc062723c751e8b465ee728b) (PreviewImporter) -> (artifact id: 'e6ad01804b89f21bf8f5c3b6bca1a262') in 0.018058 seconds
Number of updated asset objects reloaded before import = 0Number of asset objects unloaded after import = 1

========================================================================
Received Import Request.
  Time since last request: 0.000027 seconds.
  path: Assets/Nature/GrassAndFlowers/Grass/Materials/Grass3.mat
  artifactKey: Guid(f0d5bb1b23719e54d81088e0e33ce44d) Importer(815301076,1909f56bfc062723c751e8b465ee728b)
Start importing Assets/Nature/GrassAndFlowers/Grass/Materials/Grass3.mat using Guid(f0d5bb1b23719e54d81088e0e33ce44d) Importer(815301076,1909f56bfc062723c751e8b465ee728b) (PreviewImporter) -> (artifact id: '45e7bdea742fd1a9b7c537a4ffe5d803') in 0.0172664 seconds
Number of updated asset objects reloaded before import = 0Number of asset objects unloaded after import = 1

========================================================================
Received Import Request.
  Time since last request: 0.000026 seconds.
  path: Assets/Nature/GrassAndFlowers/Grass/Materials/Grass6.mat
  artifactKey: Guid(34dc93bc039ed614c9186813578bc687) Importer(815301076,1909f56bfc062723c751e8b465ee728b)
Start importing Assets/Nature/GrassAndFlowers/Grass/Materials/Grass6.mat using Guid(34dc93bc039ed614c9186813578bc687) Importer(815301076,1909f56bfc062723c751e8b465ee728b) (PreviewImporter) -> (artifact id: '42eea6565f3be950cfd01944ad36f62f') in 0.0170343 seconds
Number of updated asset objects reloaded before import = 0Number of asset objects unloaded after import = 1

========================================================================
Received Import Request.
  Time since last request: 2.308883 seconds.
  path: Assets/Nature/GrassAndFlowers/Grass/Models
  artifactKey: Guid(2bb2456b05ac9484da37b6dd6ff4a9b1) Importer(815301076,1909f56bfc062723c751e8b465ee728b)
Start importing Assets/Nature/GrassAndFlowers/Grass/Models using Guid(2bb2456b05ac9484da37b6dd6ff4a9b1) Importer(815301076,1909f56bfc062723c751e8b465ee728b) (PreviewImporter) -> (artifact id: 'be00828ae0729fe98fc543cd7a2bba34') in 0.0005406 seconds
Number of updated asset objects reloaded before import = 0Number of asset objects unloaded after import = 0

========================================================================
Received Import Request.
  Time since last request: 0.057641 seconds.
  path: Assets/Nature/GrassAndFlowers/Grass/Models/Grass1.fbx
  artifactKey: Guid(b2f42d58039259d4eac26490220a847c) Importer(815301076,1909f56bfc062723c751e8b465ee728b)
Start importing Assets/Nature/GrassAndFlowers/Grass/Models/Grass1.fbx using Guid(b2f42d58039259d4eac26490220a847c) Importer(815301076,1909f56bfc062723c751e8b465ee728b) (PreviewImporter) -> (artifact id: '8c14fc25be5393559744b2cfe7cfa952') in 0.0503262 seconds
Number of updated asset objects reloaded before import = 0Number of asset objects unloaded after import = 8

========================================================================
Received Import Request.
  Time since last request: 0.000048 seconds.
  path: Assets/Nature/GrassAndFlowers/Grass/Models/Grass3.fbx
  artifactKey: Guid(1275a49becc540c448811248eaf30c37) Importer(815301076,1909f56bfc062723c751e8b465ee728b)
Start importing Assets/Nature/GrassAndFlowers/Grass/Models/Grass3.fbx using Guid(1275a49becc540c448811248eaf30c37) Importer(815301076,1909f56bfc062723c751e8b465ee728b) (PreviewImporter) -> (artifact id: '97f8aaa1a1712df1dda71245fda48ebc') in 0.024863 seconds
Number of updated asset objects reloaded before import = 0Number of asset objects unloaded after import = 8

========================================================================
Received Import Request.
  Time since last request: 0.000047 seconds.
  path: Assets/Nature/GrassAndFlowers/Grass/Models/Grass5.fbx
  artifactKey: Guid(a5fc3c48bccbe2e4f97b62a4146abf63) Importer(815301076,1909f56bfc062723c751e8b465ee728b)
Start importing Assets/Nature/GrassAndFlowers/Grass/Models/Grass5.fbx using Guid(a5fc3c48bccbe2e4f97b62a4146abf63) Importer(815301076,1909f56bfc062723c751e8b465ee728b) (PreviewImporter) -> (artifact id: 'fd674e9ba0a7113c4e999e6a06e3f3e7') in 0.0247499 seconds
Number of updated asset objects reloaded before import = 0Number of asset objects unloaded after import = 8

========================================================================
Received Import Request.
  Time since last request: 20.270742 seconds.
  path: Assets/Nature/GrassAndFlowers/Flowers
  artifactKey: Guid(e8f1abaf6f51e6844ae2f22c942e9f8d) Importer(815301076,1909f56bfc062723c751e8b465ee728b)
Start importing Assets/Nature/GrassAndFlowers/Flowers using Guid(e8f1abaf6f51e6844ae2f22c942e9f8d) Importer(815301076,1909f56bfc062723c751e8b465ee728b) (PreviewImporter) -> (artifact id: '0018954b4f136d00571c81ac8bd31e88') in 0.0005207 seconds
Number of updated asset objects reloaded before import = 0Number of asset objects unloaded after import = 0

========================================================================
Received Import Request.
  Time since last request: 0.685316 seconds.
  path: Assets/Nature/GrassAndFlowers/Flowers/Models
  artifactKey: Guid(231bceaa11a6658449d58b2d4ec91e0a) Importer(815301076,1909f56bfc062723c751e8b465ee728b)
Start importing Assets/Nature/GrassAndFlowers/Flowers/Models using Guid(231bceaa11a6658449d58b2d4ec91e0a) Importer(815301076,1909f56bfc062723c751e8b465ee728b) (PreviewImporter) -> (artifact id: '7ead06b92b99c7b22506529d4d66e083') in 0.0005951 seconds
Number of updated asset objects reloaded before import = 0Number of asset objects unloaded after import = 0

========================================================================
Received Import Request.
  Time since last request: 0.725675 seconds.
  path: Assets/Nature/GrassAndFlowers/Flowers/Models/Flower1.fbx
  artifactKey: Guid(7cee3be891ae0354691bc69598c55711) Importer(815301076,1909f56bfc062723c751e8b465ee728b)
Start importing Assets/Nature/GrassAndFlowers/Flowers/Models/Flower1.fbx using Guid(7cee3be891ae0354691bc69598c55711) Importer(815301076,1909f56bfc062723c751e8b465ee728b) (PreviewImporter) -> (artifact id: '9c46e572ce06e8741b03b2a027f95045') in 0.0337662 seconds
Number of updated asset objects reloaded before import = 0Number of asset objects unloaded after import = 10

========================================================================
Received Import Request.
  Time since last request: 0.000018 seconds.
  path: Assets/Nature/GrassAndFlowers/Flowers/Models/Flower5.fbx
  artifactKey: Guid(250c29352ba166342bd1e0d1d45210a7) Importer(815301076,1909f56bfc062723c751e8b465ee728b)
Start importing Assets/Nature/GrassAndFlowers/Flowers/Models/Flower5.fbx using Guid(250c29352ba166342bd1e0d1d45210a7) Importer(815301076,1909f56bfc062723c751e8b465ee728b) (PreviewImporter) -> (artifact id: '6c918f2119300cc53150f2b7f32dd8ad') in 0.0384909 seconds
Number of updated asset objects reloaded before import = 0Number of asset objects unloaded after import = 10

Editor requested this worker to shutdown with reason: Scaling down because of idle timeout
AssetImportWorker is now disconnected from the server
Process exiting
Exiting without the bug reporter. Application will terminate with return code 0