Using pre-set license
Built from '2023.2/staging' branch; Version is '2023.2.11f1 (6a1e21c61430) revision 6954529'; Using compiler version '193431935'; Build Type 'Release'
OS: 'Windows 11  (10.0.22631) 64bit ProfessionalEducation' Language: 'pt' Physical Memory: 15741 MB
BatchMode: 1, IsHumanControllingUs: 0, StartBugReporterOnCrash: 0, Is64bit: 1, IsPro: 1

COMMAND LINE ARGUMENTS:
C:\Program Files\Unity\Hub\Editor\2023.2.11f1\Editor\Unity.exe
-adb2
-batchMode
-noUpm
-name
AssetImportWorker0
-projectPath
C:/Users/2jd/Documents/ProjetoRio
-logFile
Logs/AssetImportWorker0.log
-srvPort
55090
-job-worker-count
5
-background-job-worker-count
8
-asset-garbage-collectors
1
Successfully changed project path to: C:/Users/2jd/Documents/ProjetoRio
C:/Users/2jd/Documents/ProjetoRio
[UnityMemory] Configuration Parameters - Can be set up in boot.config
    "memorysetup-bucket-allocator-granularity=16"
    "memorysetup-bucket-allocator-bucket-count=8"
    "memorysetup-bucket-allocator-block-size=33554432"
    "memorysetup-bucket-allocator-block-count=8"
    "memorysetup-main-allocator-block-size=16777216"
    "memorysetup-thread-allocator-block-size=16777216"
    "memorysetup-gfx-main-allocator-block-size=16777216"
    "memorysetup-gfx-thread-allocator-block-size=16777216"
    "memorysetup-cache-allocator-block-size=4194304"
    "memorysetup-typetree-allocator-block-size=2097152"
    "memorysetup-profiler-bucket-allocator-granularity=16"
    "memorysetup-profiler-bucket-allocator-bucket-count=8"
    "memorysetup-profiler-bucket-allocator-block-size=33554432"
    "memorysetup-profiler-bucket-allocator-block-count=8"
    "memorysetup-profiler-allocator-block-size=16777216"
    "memorysetup-profiler-editor-allocator-block-size=1048576"
    "memorysetup-temp-allocator-size-main=16777216"
    "memorysetup-job-temp-allocator-block-size=2097152"
    "memorysetup-job-temp-allocator-block-size-background=1048576"
    "memorysetup-job-temp-allocator-reduction-small-platforms=262144"
    "memorysetup-allocator-temp-initial-block-size-main=262144"
    "memorysetup-allocator-temp-initial-block-size-worker=262144"
    "memorysetup-temp-allocator-size-background-worker=32768"
    "memorysetup-temp-allocator-size-job-worker=262144"
    "memorysetup-temp-allocator-size-preload-manager=33554432"
    "memorysetup-temp-allocator-size-nav-mesh-worker=65536"
    "memorysetup-temp-allocator-size-audio-worker=65536"
    "memorysetup-temp-allocator-size-cloud-worker=32768"
    "memorysetup-temp-allocator-size-gi-baking-worker=262144"
    "memorysetup-temp-allocator-size-gi-baking-worker=262144"
    "memorysetup-temp-allocator-size-gi-baking-worker=262144"
    "memorysetup-temp-allocator-size-gi-baking-worker=262144"
    "memorysetup-temp-allocator-size-gfx=262144"
Player connection [16452] Host "[IP] 192.168.1.197 [Port] 0 [Flags] 2 [Guid] 3752191766 [EditorId] 3752191766 [Version] 1048832 [Id] WindowsEditor(7,PCLAB3-06) [Debug] 1 [PackageName] WindowsEditor [ProjectName] Editor" joined multi-casting on [225.0.0.222:54997]...
Player connection [16452] Host "[IP] 192.168.1.197 [Port] 0 [Flags] 2 [Guid] 3752191766 [EditorId] 3752191766 [Version] 1048832 [Id] WindowsEditor(7,PCLAB3-06) [Debug] 1 [PackageName] WindowsEditor [ProjectName] Editor" joined alternative multi-casting on [225.0.0.222:34997]...
JobSystem: Creating JobQueue using job-worker-count value 5
[Physics::Module] Initialized MultithreadedJobDispatcher with 5 workers.
Library Redirect Path: Library/
Refreshing native plugins compatible for Editor in 1.01 ms, found 3 plugins.
Preloading 0 native plugins for Editor in 0.00 ms.
Initialize engine version: 2023.2.11f1 (6a1e21c61430)
[Subsystems] Discovering subsystems at path C:/Program Files/Unity/Hub/Editor/2023.2.11f1/Editor/Data/Resources/UnitySubsystems
[Subsystems] Discovering subsystems at path C:/Users/2jd/Documents/ProjetoRio/Assets
GfxDevice: creating device client; kGfxThreadingModeNonThreaded
Direct3D:
    Version:  Direct3D 11.0 [level 11.1]
    Renderer: AMD Radeon(TM) Graphics (ID=0x1636)
    Vendor:   ATI
    VRAM:     7870 MB
    Driver:   30.0.14030.1004
Initialize mono
Mono path[0] = 'C:/Program Files/Unity/Hub/Editor/2023.2.11f1/Editor/Data/Managed'
Mono path[1] = 'C:/Program Files/Unity/Hub/Editor/2023.2.11f1/Editor/Data/MonoBleedingEdge/lib/mono/unityjit-win32'
Mono config path = 'C:/Program Files/Unity/Hub/Editor/2023.2.11f1/Editor/Data/MonoBleedingEdge/etc'
Using monoOptions --debugger-agent=transport=dt_socket,embedding=1,server=y,suspend=n,address=127.0.0.1:56280
Begin MonoManager ReloadAssembly
C:\build\output\Unity-Technologies\mono\mono\metadata\icall.c:1842:
C:\build\output\Unity-Technologies\mono\mono\metadata\icall.c:1842:
C:\build\output\Unity-Technologies\mono\mono\metadata\icall.c:1842:
C:\build\output\Unity-Technologies\mono\mono\metadata\icall.c:1842:
C:\build\output\Unity-Technologies\mono\mono\metadata\icall.c:1842:
C:\build\output\Unity-Technologies\mono\mono\metadata\icall.c:1842:
C:\build\output\Unity-Technologies\mono\mono\metadata\icall.c:1842:
C:\build\output\Unity-Technologies\mono\mono\metadata\icall.c:1842:
C:\build\output\Unity-Technologies\mono\mono\metadata\icall.c:1842:
C:\build\output\Unity-Technologies\mono\mono\metadata\icall.c:1842:
Registering precompiled unity dll's ...
Register platform support module: C:/Program Files/Unity/Hub/Editor/2023.2.11f1/Editor/Data/PlaybackEngines/WindowsStandaloneSupport/UnityEditor.WindowsStandalone.Extensions.dll
Registered in 0.002429 seconds.
- Loaded All Assemblies, in  0.443 seconds
Native extension for WindowsStandalone target not found
Mono: successfully reloaded assembly
C:\build\output\Unity-Technologies\mono\mono\metadata\icall.c:1842:
C:\build\output\Unity-Technologies\mono\mono\metadata\icall.c:1842:
- Finished resetting the current domain, in  0.416 seconds
Domain Reload Profiling: 858ms
	BeginReloadAssembly (147ms)
		ExecutionOrderSort (0ms)
		DisableScriptedObjects (0ms)
		BackupInstance (0ms)
		ReleaseScriptingObjects (0ms)
		CreateAndSetChildDomain (1ms)
	RebuildCommonClasses (41ms)
	RebuildNativeTypeToScriptingClass (14ms)
	initialDomainReloadingComplete (53ms)
	LoadAllAssembliesAndSetupDomain (186ms)
		LoadAssemblies (145ms)
		RebuildTransferFunctionScriptingTraits (0ms)
		AnalyzeDomain (184ms)
			TypeCache.Refresh (183ms)
				TypeCache.ScanAssembly (168ms)
			BuildScriptInfoCaches (0ms)
			ResolveRequiredComponents (1ms)
	FinalizeReload (416ms)
		ReleaseScriptCaches (0ms)
		RebuildScriptCaches (0ms)
		SetupLoadedEditorAssemblies (366ms)
			LogAssemblyErrors (0ms)
			InitializePlatformSupportModulesInManaged (13ms)
			SetLoadedEditorAssemblies (7ms)
			BeforeProcessingInitializeOnLoad (9ms)
			ProcessInitializeOnLoadAttributes (281ms)
			ProcessInitializeOnLoadMethodAttributes (55ms)
			AfterProcessingInitializeOnLoad (0ms)
			EditorAssembliesLoaded (0ms)
		ExecutionOrderSort2 (0ms)
		AwakeInstancesAfterBackupRestoration (0ms)
========================================================================
Worker process is ready to serve import requests
Import Worker Mode flag is 0x00
Begin MonoManager ReloadAssembly
C:\build\output\Unity-Technologies\mono\mono\metadata\icall.c:1842:
C:\build\output\Unity-Technologies\mono\mono\metadata\icall.c:1842:
C:\build\output\Unity-Technologies\mono\mono\metadata\icall.c:1842:
C:\build\output\Unity-Technologies\mono\mono\metadata\icall.c:1842:
C:\build\output\Unity-Technologies\mono\mono\metadata\icall.c:1842:
C:\build\output\Unity-Technologies\mono\mono\metadata\icall.c:1842:
C:\build\output\Unity-Technologies\mono\mono\metadata\icall.c:1842:
C:\build\output\Unity-Technologies\mono\mono\metadata\icall.c:1842:
C:\build\output\Unity-Technologies\mono\mono\metadata\icall.c:1842:
C:\build\output\Unity-Technologies\mono\mono\metadata\icall.c:1842:
C:\build\output\Unity-Technologies\mono\mono\metadata\icall.c:1842:
C:\build\output\Unity-Technologies\mono\mono\metadata\icall.c:1842:
Symbol file LoadedFromMemory doesn't match image C:\Users\2jd\Documents\ProjetoRio\Library\PackageCache\com.unity.visualscripting@1.8.0\Editor\VisualScripting.Core\Dependencies\YamlDotNet\Unity.VisualScripting.YamlDotNet.dll
Symbol file LoadedFromMemory doesn't match image C:\Users\2jd\Documents\ProjetoRio\Library\PackageCache\com.unity.visualscripting@1.8.0\Editor\VisualScripting.Core\Dependencies\DotNetZip\Unity.VisualScripting.IonicZip.dll
- Loaded All Assemblies, in  0.945 seconds
Refreshing native plugins compatible for Editor in 0.49 ms, found 3 plugins.
Native extension for WindowsStandalone target not found
Mono: successfully reloaded assembly
- Finished resetting the current domain, in  0.707 seconds
Domain Reload Profiling: 1651ms
	BeginReloadAssembly (391ms)
		ExecutionOrderSort (0ms)
		DisableScriptedObjects (7ms)
		BackupInstance (0ms)
		ReleaseScriptingObjects (0ms)
		CreateAndSetChildDomain (40ms)
	RebuildCommonClasses (44ms)
	RebuildNativeTypeToScriptingClass (14ms)
	initialDomainReloadingComplete (45ms)
	LoadAllAssembliesAndSetupDomain (448ms)
		LoadAssemblies (360ms)
		RebuildTransferFunctionScriptingTraits (0ms)
		AnalyzeDomain (216ms)
			TypeCache.Refresh (187ms)
				TypeCache.ScanAssembly (169ms)
			BuildScriptInfoCaches (21ms)
			ResolveRequiredComponents (4ms)
	FinalizeReload (708ms)
		ReleaseScriptCaches (0ms)
		RebuildScriptCaches (0ms)
		SetupLoadedEditorAssemblies (478ms)
			LogAssemblyErrors (0ms)
			InitializePlatformSupportModulesInManaged (2ms)
			SetLoadedEditorAssemblies (5ms)
			BeforeProcessingInitializeOnLoad (39ms)
			ProcessInitializeOnLoadAttributes (404ms)
			ProcessInitializeOnLoadMethodAttributes (24ms)
			AfterProcessingInitializeOnLoad (4ms)
			EditorAssembliesLoaded (0ms)
		ExecutionOrderSort2 (0ms)
		AwakeInstancesAfterBackupRestoration (9ms)
Launched and connected shader compiler UnityShaderCompiler.exe after 0.01 seconds
Refreshing native plugins compatible for Editor in 0.78 ms, found 3 plugins.
Preloading 0 native plugins for Editor in 0.00 ms.
Unloading 11 Unused Serialized files (Serialized files now loaded: 0)
Unloading 3143 unused Assets / (0.9 MB). Loaded Objects now: 3727.
Memory consumption went from 129.7 MB to 128.8 MB.
Total: 7.738900 ms (FindLiveObjects: 0.715700 ms CreateObjectMapping: 0.579300 ms MarkObjects: 5.399200 ms  DeleteObjects: 1.042000 ms)

========================================================================
Received Import Request.
  Time since last request: 416649.326190 seconds.
  path: Assets/Quirky Series Ultimate/FREE/Models/Sparrow_LOD1.fbx
  artifactKey: Guid(9679f1fea2a0be24aac869c621837d6a) Importer(815301076,1909f56bfc062723c751e8b465ee728b)
Start importing Assets/Quirky Series Ultimate/FREE/Models/Sparrow_LOD1.fbx using Guid(9679f1fea2a0be24aac869c621837d6a) Importer(815301076,1909f56bfc062723c751e8b465ee728b) (PreviewImporter) -> (artifact id: 'ae6b9d5c2124b2605ca89568dafb651f') in 0.2226648 seconds
Number of updated asset objects reloaded before import = 0Number of asset objects unloaded after import = 32

========================================================================
Received Import Request.
  Time since last request: 0.000047 seconds.
  path: Assets/Quirky Series Ultimate/FREE/Models/Sparrow_LOD3.fbx
  artifactKey: Guid(ccffdb6a86a472147a9d638ebe9fcd15) Importer(815301076,1909f56bfc062723c751e8b465ee728b)
Start importing Assets/Quirky Series Ultimate/FREE/Models/Sparrow_LOD3.fbx using Guid(ccffdb6a86a472147a9d638ebe9fcd15) Importer(815301076,1909f56bfc062723c751e8b465ee728b) (PreviewImporter) -> (artifact id: '40077ff63bc76d08d4a5b22e34c8e409') in 0.0331978 seconds
Number of updated asset objects reloaded before import = 0Number of asset objects unloaded after import = 32

========================================================================
Received Import Request.
  Time since last request: 100.661574 seconds.
  path: Assets/Low_Poly_Mini_Village/Skyboxes/Sky2.mat
  artifactKey: Guid(bbe1d6a37b4c5e2409cc5aa8a38b05a4) Importer(815301076,1909f56bfc062723c751e8b465ee728b)
Start importing Assets/Low_Poly_Mini_Village/Skyboxes/Sky2.mat using Guid(bbe1d6a37b4c5e2409cc5aa8a38b05a4) Importer(815301076,1909f56bfc062723c751e8b465ee728b) (PreviewImporter) -> (artifact id: '2a9d6fe3b90abb177e92e34bf098580d') in 0.1126191 seconds
Number of updated asset objects reloaded before import = 0Number of asset objects unloaded after import = 1

========================================================================
Received Import Request.
  Time since last request: 2.320375 seconds.
  path: Assets/Low_Poly_Mini_Village/Prefabs/Caravan_1.prefab
  artifactKey: Guid(8e9164e00a4d5db48a745b14934ecaa9) Importer(815301076,1909f56bfc062723c751e8b465ee728b)
Start importing Assets/Low_Poly_Mini_Village/Prefabs/Caravan_1.prefab using Guid(8e9164e00a4d5db48a745b14934ecaa9) Importer(815301076,1909f56bfc062723c751e8b465ee728b) (PreviewImporter) -> (artifact id: '1319c4e3f9a0d32f161c4b85668ad6ea') in 0.0443083 seconds
Number of updated asset objects reloaded before import = 0Number of asset objects unloaded after import = 32

========================================================================
Received Import Request.
  Time since last request: 0.000022 seconds.
  path: Assets/Low_Poly_Mini_Village/Prefabs/Grass_3.prefab
  artifactKey: Guid(c4bc74b0a7f30164493f6b2b1cd5969e) Importer(815301076,1909f56bfc062723c751e8b465ee728b)
Start importing Assets/Low_Poly_Mini_Village/Prefabs/Grass_3.prefab using Guid(c4bc74b0a7f30164493f6b2b1cd5969e) Importer(815301076,1909f56bfc062723c751e8b465ee728b) (PreviewImporter) -> (artifact id: '21a7f6b73813b83ffdb6f83ae72bb6d0') in 0.0400799 seconds
Number of updated asset objects reloaded before import = 0Number of asset objects unloaded after import = 9

========================================================================
Received Import Request.
  Time since last request: 0.000023 seconds.
  path: Assets/Low_Poly_Mini_Village/Prefabs/Road_sign1.prefab
  artifactKey: Guid(41093631723a72d42bccc0b698461fd2) Importer(815301076,1909f56bfc062723c751e8b465ee728b)
Start importing Assets/Low_Poly_Mini_Village/Prefabs/Road_sign1.prefab using Guid(41093631723a72d42bccc0b698461fd2) Importer(815301076,1909f56bfc062723c751e8b465ee728b) (PreviewImporter) -> (artifact id: '27ba09718ae4ace0091e1702eda62300') in 0.0148864 seconds
Number of updated asset objects reloaded before import = 0Number of asset objects unloaded after import = 10

========================================================================
Received Import Request.
  Time since last request: 0.000023 seconds.
  path: Assets/Low_Poly_Mini_Village/Prefabs/House_2.prefab
  artifactKey: Guid(3d7ed3a31ab8f79448604ec3148d300c) Importer(815301076,1909f56bfc062723c751e8b465ee728b)
Start importing Assets/Low_Poly_Mini_Village/Prefabs/House_2.prefab using Guid(3d7ed3a31ab8f79448604ec3148d300c) Importer(815301076,1909f56bfc062723c751e8b465ee728b) (PreviewImporter) -> (artifact id: '404a01f0472de1587e08b19609c5a3d1') in 0.0144874 seconds
Number of updated asset objects reloaded before import = 0Number of asset objects unloaded after import = 10

========================================================================
Received Import Request.
  Time since last request: 0.000021 seconds.
  path: Assets/Low_Poly_Mini_Village/Prefabs/Tree_1.prefab
  artifactKey: Guid(2f88bb42a1ce0c043834b471617d3b2a) Importer(815301076,1909f56bfc062723c751e8b465ee728b)
Start importing Assets/Low_Poly_Mini_Village/Prefabs/Tree_1.prefab using Guid(2f88bb42a1ce0c043834b471617d3b2a) Importer(815301076,1909f56bfc062723c751e8b465ee728b) (PreviewImporter) -> (artifact id: '57d511319b73418281612452ae9ff0ea') in 0.0210209 seconds
Number of updated asset objects reloaded before import = 0Number of asset objects unloaded after import = 10

========================================================================
Received Import Request.
  Time since last request: 0.000022 seconds.
  path: Assets/Low_Poly_Mini_Village/Prefabs/Water.prefab
  artifactKey: Guid(bc131e0c7707c8e4d8099dd0b1451179) Importer(815301076,1909f56bfc062723c751e8b465ee728b)
Start importing Assets/Low_Poly_Mini_Village/Prefabs/Water.prefab using Guid(bc131e0c7707c8e4d8099dd0b1451179) Importer(815301076,1909f56bfc062723c751e8b465ee728b) (PreviewImporter) -> (artifact id: 'edc7ff7a5e85d5eeb8a9f2c28dc91859') in 0.0292277 seconds
Number of updated asset objects reloaded before import = 0Number of asset objects unloaded after import = 9

========================================================================
Received Import Request.
  Time since last request: 0.000031 seconds.
  path: Assets/Low_Poly_Mini_Village/Prefabs/Well1.prefab
  artifactKey: Guid(5e9761041a6b5b647a3b3b0d79c4ad68) Importer(815301076,1909f56bfc062723c751e8b465ee728b)
Start importing Assets/Low_Poly_Mini_Village/Prefabs/Well1.prefab using Guid(5e9761041a6b5b647a3b3b0d79c4ad68) Importer(815301076,1909f56bfc062723c751e8b465ee728b) (PreviewImporter) -> (artifact id: '0a05b73e036f4d9a6ec4ff09074af51e') in 0.0150165 seconds
Number of updated asset objects reloaded before import = 0Number of asset objects unloaded after import = 10

========================================================================
Received Import Request.
  Time since last request: 0.000025 seconds.
  path: Assets/Low_Poly_Mini_Village/Prefabs/Tree_2.prefab
  artifactKey: Guid(f371874061e9c874481abcdb897e9420) Importer(815301076,1909f56bfc062723c751e8b465ee728b)
Start importing Assets/Low_Poly_Mini_Village/Prefabs/Tree_2.prefab using Guid(f371874061e9c874481abcdb897e9420) Importer(815301076,1909f56bfc062723c751e8b465ee728b) (PreviewImporter) -> (artifact id: '49e227fd879a44cce63f8f24d46c6bae') in 0.0233752 seconds
Number of updated asset objects reloaded before import = 0Number of asset objects unloaded after import = 10

========================================================================
Received Import Request.
  Time since last request: 0.000034 seconds.
  path: Assets/Low_Poly_Mini_Village/Prefabs/Grass_1.prefab
  artifactKey: Guid(f7155cb81768ed845bbaa6821ede4fe3) Importer(815301076,1909f56bfc062723c751e8b465ee728b)
Start importing Assets/Low_Poly_Mini_Village/Prefabs/Grass_1.prefab using Guid(f7155cb81768ed845bbaa6821ede4fe3) Importer(815301076,1909f56bfc062723c751e8b465ee728b) (PreviewImporter) -> (artifact id: 'e2f4a750a21c4aad85d1cd3f738086c6') in 0.0222138 seconds
Number of updated asset objects reloaded before import = 0Number of asset objects unloaded after import = 9

========================================================================
Received Import Request.
  Time since last request: 0.000041 seconds.
  path: Assets/Low_Poly_Mini_Village/Prefabs/Rock_3.prefab
  artifactKey: Guid(ffc545d554bc78c4f9ee506149e450b4) Importer(815301076,1909f56bfc062723c751e8b465ee728b)
Start importing Assets/Low_Poly_Mini_Village/Prefabs/Rock_3.prefab using Guid(ffc545d554bc78c4f9ee506149e450b4) Importer(815301076,1909f56bfc062723c751e8b465ee728b) (PreviewImporter) -> (artifact id: '7a7adc3b7be48314287e10a8667ae5a5') in 0.0233733 seconds
Number of updated asset objects reloaded before import = 0Number of asset objects unloaded after import = 10

========================================================================
Received Import Request.
  Time since last request: 0.000021 seconds.
  path: Assets/Low_Poly_Mini_Village/Prefabs/Rock_4.prefab
  artifactKey: Guid(750b7a6fa26e20c49b059fef9d453c45) Importer(815301076,1909f56bfc062723c751e8b465ee728b)
Start importing Assets/Low_Poly_Mini_Village/Prefabs/Rock_4.prefab using Guid(750b7a6fa26e20c49b059fef9d453c45) Importer(815301076,1909f56bfc062723c751e8b465ee728b) (PreviewImporter) -> (artifact id: 'f816aa26fdd8218d0f33ebadf4e69a14') in 0.0235829 seconds
Number of updated asset objects reloaded before import = 0Number of asset objects unloaded after import = 10

========================================================================
Received Import Request.
  Time since last request: 0.000018 seconds.
  path: Assets/Low_Poly_Mini_Village/Prefabs/Rock_1.prefab
  artifactKey: Guid(3a0a30c4014e71342ae79edf0a0e737a) Importer(815301076,1909f56bfc062723c751e8b465ee728b)
Start importing Assets/Low_Poly_Mini_Village/Prefabs/Rock_1.prefab using Guid(3a0a30c4014e71342ae79edf0a0e737a) Importer(815301076,1909f56bfc062723c751e8b465ee728b) (PreviewImporter) -> (artifact id: '81003491146f53554fdb37847da7d073') in 0.0253296 seconds
Number of updated asset objects reloaded before import = 0Number of asset objects unloaded after import = 10

Editor requested this worker to shutdown with reason: Scaling down because of idle timeout
AssetImportWorker is now disconnected from the server
Process exiting
Exiting without the bug reporter. Application will terminate with return code 0